<?xml version="1.0" encoding="UTF-8"?>
<testng-results ignored="0" total="2" passed="1" failed="1" skipped="0">
  <reporter-output>
  </reporter-output>
  <suite started-at="2023-04-01T16:43:32 IST" name="Suite" finished-at="2023-04-01T16:44:03 IST" duration-ms="30922">
    <groups>
    </groups>
    <test started-at="2023-04-01T16:43:32 IST" name="Test" finished-at="2023-04-01T16:44:03 IST" duration-ms="30922">
      <class name="test.Demo_ErrorValidations_Test">
        <test-method is-config="true" signature="setup()[pri:0, instance:test.Demo_ErrorValidations_Test@123ef382]" started-at="2023-04-01T16:43:33 IST" name="setup" finished-at="2023-04-01T16:43:45 IST" duration-ms="12222" status="PASS">
          <reporter-output>
          </reporter-output>
        </test-method> <!-- setup -->
        <test-method signature="errorValidationOnEnginePerformance()[pri:1, instance:test.Demo_ErrorValidations_Test@123ef382]" started-at="2023-04-01T16:43:45 IST" name="errorValidationOnEnginePerformance" finished-at="2023-04-01T16:43:48 IST" duration-ms="3067" status="PASS">
          <reporter-output>
          </reporter-output>
        </test-method> <!-- errorValidationOnEnginePerformance -->
        <test-method is-config="true" signature="tearDown()[pri:0, instance:test.Demo_ErrorValidations_Test@123ef382]" started-at="2023-04-01T16:43:48 IST" name="tearDown" finished-at="2023-04-01T16:43:49 IST" duration-ms="436" status="PASS">
          <reporter-output>
          </reporter-output>
        </test-method> <!-- tearDown -->
        <test-method is-config="true" signature="setup()[pri:0, instance:test.Demo_ErrorValidations_Test@123ef382]" started-at="2023-04-01T16:43:49 IST" name="setup" finished-at="2023-04-01T16:44:01 IST" duration-ms="12266" status="PASS">
          <reporter-output>
          </reporter-output>
        </test-method> <!-- setup -->
        <test-method signature="verifyDropdownOptions()[pri:2, instance:test.Demo_ErrorValidations_Test@123ef382]" started-at="2023-04-01T16:44:01 IST" name="verifyDropdownOptions" finished-at="2023-04-01T16:44:03 IST" duration-ms="2033" status="FAIL">
          <exception class="java.lang.AssertionError">
            <message>
              <![CDATA[Lists differ at element [1]: Peol != Petrol expected [Peol] but found [Petrol]]]>
            </message>
            <full-stacktrace>
              <![CDATA[java.lang.AssertionError: Lists differ at element [1]: Peol != Petrol expected [Peol] but found [Petrol]
at org.testng.Assert.fail(Assert.java:110)
at org.testng.Assert.failNotEquals(Assert.java:1577)
at org.testng.Assert.assertEqualsImpl(Assert.java:149)
at org.testng.Assert.assertEquals(Assert.java:1643)
at org.testng.Assert.assertEquals(Assert.java:1605)
at test.Demo_ErrorValidations_Test.verifyDropdownOptions(Demo_ErrorValidations_Test.java:29)
at java.base/jdk.internal.reflect.DirectMethodHandleAccessor.invoke(DirectMethodHandleAccessor.java:104)
at java.base/java.lang.reflect.Method.invoke(Method.java:578)
at org.testng.internal.invokers.MethodInvocationHelper.invokeMethod(MethodInvocationHelper.java:139)
at org.testng.internal.invokers.TestInvoker.invokeMethod(TestInvoker.java:677)
at org.testng.internal.invokers.TestInvoker.invokeTestMethod(TestInvoker.java:221)
at org.testng.internal.invokers.MethodRunner.runInSequence(MethodRunner.java:50)
at org.testng.internal.invokers.TestInvoker$MethodInvocationAgent.invoke(TestInvoker.java:969)
at org.testng.internal.invokers.TestInvoker.invokeTestMethods(TestInvoker.java:194)
at org.testng.internal.invokers.TestMethodWorker.invokeTestMethods(TestMethodWorker.java:148)
at org.testng.internal.invokers.TestMethodWorker.run(TestMethodWorker.java:128)
at java.base/java.util.ArrayList.forEach(ArrayList.java:1511)
at org.testng.TestRunner.privateRun(TestRunner.java:829)
at org.testng.TestRunner.run(TestRunner.java:602)
at org.testng.SuiteRunner.runTest(SuiteRunner.java:437)
at org.testng.SuiteRunner.runSequentially(SuiteRunner.java:431)
at org.testng.SuiteRunner.privateRun(SuiteRunner.java:391)
at org.testng.SuiteRunner.run(SuiteRunner.java:330)
at org.testng.SuiteRunnerWorker.runSuite(SuiteRunnerWorker.java:52)
at org.testng.SuiteRunnerWorker.run(SuiteRunnerWorker.java:95)
at org.testng.TestNG.runSuitesSequentially(TestNG.java:1256)
at org.testng.TestNG.runSuitesLocally(TestNG.java:1176)
at org.testng.TestNG.runSuites(TestNG.java:1099)
at org.testng.TestNG.run(TestNG.java:1067)
at org.apache.maven.surefire.testng.TestNGExecutor.run(TestNGExecutor.java:308)
at org.apache.maven.surefire.testng.TestNGXmlTestSuite.execute(TestNGXmlTestSuite.java:71)
at org.apache.maven.surefire.testng.TestNGProvider.invoke(TestNGProvider.java:113)
at org.apache.maven.surefire.booter.ForkedBooter.runSuitesInProcess(ForkedBooter.java:385)
at org.apache.maven.surefire.booter.ForkedBooter.execute(ForkedBooter.java:162)
at org.apache.maven.surefire.booter.ForkedBooter.run(ForkedBooter.java:507)
at org.apache.maven.surefire.booter.ForkedBooter.main(ForkedBooter.java:495)
]]>
            </full-stacktrace>
          </exception> <!-- java.lang.AssertionError -->
          <reporter-output>
          </reporter-output>
        </test-method> <!-- verifyDropdownOptions -->
        <test-method is-config="true" signature="tearDown()[pri:0, instance:test.Demo_ErrorValidations_Test@123ef382]" started-at="2023-04-01T16:44:03 IST" name="tearDown" finished-at="2023-04-01T16:44:03 IST" duration-ms="319" status="PASS">
          <reporter-output>
          </reporter-output>
        </test-method> <!-- tearDown -->
      </class> <!-- test.Demo_ErrorValidations_Test -->
    </test> <!-- Test -->
  </suite> <!-- Suite -->
</testng-results>
